<?xml version="1.0" encoding="UTF-8"?>
<!-- Generated by org.testng.reporters.JUnitXMLReporter -->
<testsuite ignored="0" hostname="ITEM-S138736" failures="0" tests="3" name="Default test" time="2.539" errors="0" timestamp="2024-02-25T21:12:15 IST">
  <testcase classname="files.DynamicJson" name="addBook" time="2.134"/>
  <testcase classname="files.DynamicJson" name="addBook" time="0.189"/>
  <testcase classname="files.DynamicJson" name="addBook" time="0.166"/>
</testsuite> <!-- Default test -->
