<?xml version="1.0" encoding="UTF-8"?>
<testng-results ignored="0" total="3" passed="3" failed="0" skipped="0">
  <reporter-output>
  </reporter-output>
  <suite started-at="2024-02-25T21:12:13 IST" name="Default suite" finished-at="2024-02-25T21:12:15 IST" duration-ms="2539">
    <groups>
    </groups>
    <test started-at="2024-02-25T21:12:13 IST" name="Default test" finished-at="2024-02-25T21:12:15 IST" duration-ms="2539">
      <class name="files.DynamicJson">
        <test-method signature="addBook(java.lang.String,java.lang.String)[pri:0, instance:files.DynamicJson@7bd4937b]" started-at="2024-02-25T21:12:13 IST" name="addBook" data-provider="BooksData" finished-at="2024-02-25T21:12:15 IST" duration-ms="2134" status="PASS">
          <params>
            <param index="0">
              <value>
                <![CDATA[isbn]]>
              </value>
            </param>
            <param index="1">
              <value>
                <![CDATA[9080]]>
              </value>
            </param>
          </params>
          <reporter-output>
          </reporter-output>
        </test-method> <!-- addBook -->
        <test-method signature="addBook(java.lang.String,java.lang.String)[pri:0, instance:files.DynamicJson@7bd4937b]" started-at="2024-02-25T21:12:15 IST" name="addBook" data-provider="BooksData" finished-at="2024-02-25T21:12:15 IST" duration-ms="189" status="PASS">
          <params>
            <param index="0">
              <value>
                <![CDATA[huuu]]>
              </value>
            </param>
            <param index="1">
              <value>
                <![CDATA[2564]]>
              </value>
            </param>
          </params>
          <reporter-output>
          </reporter-output>
        </test-method> <!-- addBook -->
        <test-method signature="addBook(java.lang.String,java.lang.String)[pri:0, instance:files.DynamicJson@7bd4937b]" started-at="2024-02-25T21:12:15 IST" name="addBook" data-provider="BooksData" finished-at="2024-02-25T21:12:15 IST" duration-ms="166" status="PASS">
          <params>
            <param index="0">
              <value>
                <![CDATA[dc]]>
              </value>
            </param>
            <param index="1">
              <value>
                <![CDATA[2435]]>
              </value>
            </param>
          </params>
          <reporter-output>
          </reporter-output>
        </test-method> <!-- addBook -->
      </class> <!-- files.DynamicJson -->
    </test> <!-- Default test -->
  </suite> <!-- Default suite -->
</testng-results>
